#VORS text interface (grid = OSG, VO = all, res = 0)
#columns=ID,Name,Gatekeeper,Type,Grid,Status,Last Test Date
305,AGLT2,gate01.aglt2.org:2119,compute,OSG,PASS,2008-10-23 08:46:11
33,BNL_ATLAS_1,gridgk01.racf.bnl.gov:2119,compute,OSG,PASS,2008-10-23 08:49:17
48,BNL_ATLAS_2,gridgk02.racf.bnl.gov:2119,compute,OSG,PASS,2008-10-23 08:53:44
43,BNL_ATLAS_SE,dcsrm.usatlas.bnl.gov,storage,OSG,PASS,2007-11-05 15:00:02
233,BU_ATLAS_Tier2,atlas.bu.edu:2119,compute,OSG,FAIL,2008-10-23 09:08:48
313,cinvestav,proton.fis.cinvestav.mx:2119,compute,OSG,PASS,2008-10-23 09:09:01
235,CIT_CMS_T2,cit-gatekeeper.ultralight.org:2119,compute,OSG,PASS,2008-10-23 09:10:38
263,CIT_CMS_T2:srm_v1,cit-se.ultralight.org,storage,OSG,PASS,2007-11-05 15:03:03
377,Clemson-ciTeam,osgce.cs.clemson.edu:2119,compute,OSG,PASS,2008-10-23 09:12:09
344,Clemson-IT,osggate.clemson.edu:2119,compute,OSG,PASS,2008-10-23 09:14:37
322,FLTECH,uscms1.fltech-grid3.fit.edu:2119,compute,OSG,PASS,2008-10-23 09:15:36
10,FNAL_FERMIGRID,fermigridosg1.fnal.gov:2119,compute,OSG,PASS,2008-10-23 09:18:35
378,FNAL_GPGRID_1,fnpcosg1.fnal.gov:2119,compute,OSG,PASS,2008-10-23 09:20:53
321,GLOW,cmsgrid01.hep.wisc.edu:2119,compute,OSG,PASS,2008-10-23 09:23:40
340,GLOW-ATLAS,higgs08.cs.wisc.edu:2119,compute,OSG,PASS,2008-10-23 09:30:29
29,GLOW-CMS,cmsgrid02.hep.wisc.edu:2119,compute,OSG,PASS,2008-10-23 09:32:14
27,GLOW-CMS-SE,cmssrm.hep.wisc.edu,storage,OSG,FAIL,2007-11-05 15:04:51
42,HEPGRID_UERJ,osgce.hepgrid.uerj.br:2119,compute,OSG,PASS,2008-10-23 09:38:54
383,IllinoisHEP,osgx0.hep.uiuc.edu:2119,compute,OSG,PASS,2008-10-23 09:43:38
297,isuhep,turner.physics.iastate.edu:2119,compute,OSG,FAIL,2008-10-23 09:47:08
337,IU_OSG,m3.quarry.teragrid.iu.edu:2119,compute,OSG,PASS,2008-10-23 09:47:09
267,Lehigh_coral,piranha.ie.lehigh.edu:2119,compute,OSG,PASS,2008-10-23 09:50:48
375,LIGO_UWM_NEMO,osg-nemo-ce.phys.uwm.edu:2119,compute,OSG,PASS,2008-10-23 10:05:52
352,LONI_OSG1,osg1.loni.org:2119,compute,OSG,PASS,2008-10-23 10:10:02
382,LONI_OSG2,osg2.loni.org:2119,compute,OSG,PASS,2008-10-23 10:14:43
276,LTU_OSG,caps10.phys.LaTech.edu:2119,compute,OSG,PASS,2008-10-23 10:16:25
301,MCGILL_HEP,gaia.physics.mcgill.ca:2119,compute,OSG,PASS,2008-10-23 10:18:31
231,MIT_CMS,ce01.cmsaf.mit.edu:2119,compute,OSG,PASS,2008-10-23 10:19:53
348,MSU-OSG,msu-osg.aglt2.org:2119,compute,OSG,PASS,2008-10-23 10:21:09
284,MWT2_IU,iut2-grid6.iu.edu:2119,compute,OSG,PASS,2008-10-23 10:24:11
285,MWT2_UC,uct2-grid6.uchicago.edu:2119,compute,OSG,PASS,2008-10-23 10:29:11
37,Nebraska,red.unl.edu:2119,compute,OSG,PASS,2008-10-23 10:31:49
309,NERSC-Davinci,davinci.nersc.gov:2119,compute,OSG,PASS,2008-10-23 10:32:52
385,NERSC-Franklin,franklingrid.nersc.gov:2119,compute,OSG,PASS,2008-10-23 10:34:15
324,NERSC-Jacquard,jacquardgrid.nersc.gov:2119,compute,OSG,PASS,2008-10-23 10:35:48
9,NERSC-PDSF,pdsfgrid.nersc.gov:2119,compute,OSG,PASS,2008-10-23 10:37:08
338,NWICG_NDCCL,condor.hpcc.nd.edu:2119,compute,OSG,PASS,2008-10-23 10:38:19
316,NWICG_NotreDame,osg.hpcc.nd.edu:2119,compute,OSG,PASS,2008-10-23 10:53:23
11,NYSGRID-CCR-U2,u2-grid.ccr.buffalo.edu:2119,compute,OSG,PASS,2008-10-23 10:54:16
332,NYSGRID_CORNELL_NYS1,nys1.cac.cornell.edu:2119,compute,OSG,PASS,2008-10-23 10:58:43
388,NYSGRID_RIT,grid.rc.rit.edu:2119,compute,OSG,PASS,2008-10-23 11:00:52
345,OCI-NSF,rocks-fe.cise-nsf.gov:2119,compute,OSG,PASS,2008-10-23 11:05:27
317,ORNL_NSTG,osg-login.ornl.teragrid.org:2119,compute,OSG,PASS,2008-10-23 11:06:37
230,OSG_INSTALL_TEST_2,cms-xen2.fnal.gov:2119,compute,OSG,PASS,2008-10-23 11:08:08
311,OSG_LIGO_MIT,osg-ligo.mit.edu:2119,compute,OSG,PASS,2008-10-23 11:13:35
251,OU_OCHEP_SWT2,tier2-01.ochep.ou.edu:2119,compute,OSG,PASS,2008-10-23 11:15:51
328,OU_OSCER_ATLAS,grid1.oscer.ou.edu:2119,compute,OSG,MAIN,2008-10-01 16:23:56
369,OU_OSCER_CONDOR,condor1.oscer.ou.edu:2119,compute,OSG,PASS,2008-10-23 11:16:45
21,OUHEP_OSG,ouhep0.nhn.ou.edu:2119,compute,OSG,PASS,2008-10-23 11:31:49
314,Purdue-Caesar,julius.rcac.purdue.edu:2119,compute,OSG,PASS,2008-10-23 11:33:53
234,Purdue-RCAC,osg.rcac.purdue.edu:2119,compute,OSG,PASS,2008-10-23 11:34:26
364,Purdue-Steele,lepton.rcac.purdue.edu:2119,compute,OSG,PASS,2008-10-23 11:37:30
387,RENCI-Engagement,belhaven-1.renci.org:2119,compute,OSG,PASS,2008-10-23 11:40:17
355,SBGrid-Harvard-East,neuroinformatics.harvard.edu:2119,compute,OSG,PASS,2008-10-23 11:41:16
359,SBGrid-Harvard-Exp,abitibi.sbgrid.org:2119,compute,OSG,PASS,2008-10-23 11:44:42
282,SMU_PHY,smufarm.physics.smu.edu:2119,compute,OSG,PASS,2008-10-23 11:46:41
38,SPRACE,osg-ce.sprace.org.br:2119,compute,OSG,PASS,2008-10-23 11:49:20
266,SPRACE-SE,spdc00.if.usp.br,storage,OSG,FAIL,2007-11-05 15:04:54
217,STAR-BNL,stargrid02.rcf.bnl.gov:2119,compute,OSG,PASS,2008-10-23 11:53:00
44,STAR-WSU,rhic20.physics.wayne.edu:2119,compute,OSG,PASS,2008-10-23 11:55:34
354,SWT2_CPB,gk01.atlas-swt2.org:2119,compute,OSG,PASS,2008-10-23 11:59:33
3,T2_Nebraska_Storage,srm.unl.edu,storage,OSG,PASS,2007-11-05 15:04:55
19,TTU-ANTAEUS,antaeus.hpcc.ttu.edu:2119,compute,OSG,PASS,2008-10-23 12:14:37
28,UC_ATLAS_MWT2,tier2-osg.uchicago.edu:2119,compute,OSG,PASS,2008-10-23 12:17:21
30,UC_Teraport,tp-osg.uchicago.edu:2119,compute,OSG,PASS,2008-10-23 12:18:26
335,UCLA_Saxon_Tier3,saxon.hosted.ats.ucla.edu:2119,compute,OSG,PASS,2008-10-23 12:19:31
380,UColorado_HEP,heposg01.colorado.edu:2119,compute,OSG,PASS,2008-10-23 12:20:50
302,UCR-HEP,top.ucr.edu:2119,compute,OSG,PASS,2008-10-23 12:24:19
236,UCSDT2,osg-gw-2.t2.ucsd.edu:2119,compute,OSG,PASS,2008-10-23 12:29:15
323,UCSDT2-B,osg-gw-4.t2.ucsd.edu:2119,compute,OSG,PASS,2008-10-23 12:37:34
280,UFlorida-HPC,iogw1.hpc.ufl.edu:2119,compute,OSG,MAIN,2008-10-22 11:52:51
227,UFlorida-IHEPA,hg.ihepa.ufl.edu:2119,compute,OSG,PASS,2008-10-23 12:52:52
24,UFlorida-PG,pg.ihepa.ufl.edu:2119,compute,OSG,PASS,2008-10-23 12:54:18
257,UFlorida-PG:srm_v1,srm.ihepa.ufl.edu,storage,OSG,PASS,2007-11-05 15:08:23
278,UIC_PHYSICS,mstr1.cluster.phy.uic.edu:2119,compute,OSG,PASS,2008-10-23 12:55:57
376,umd-cms,hepcms-0.umd.edu:2119,compute,OSG,FAIL,2008-10-23 13:00:40
363,UmissHEP,umiss001.hep.olemiss.edu:2119,compute,OSG,PASS,2008-10-23 13:00:41
384,UNI-OSGEDU,grow.cs.uni.edu:2119,compute,OSG,PASS,2008-10-23 13:03:12
32,UNM_HPC,milta.alliance.unm.edu:2119,compute,OSG,PASS,2008-10-23 13:04:39
31,USCMS-FNAL-WC1-CE,cmsosgce.fnal.gov:2119,compute,OSG,PASS,2008-10-23 13:07:47
315,USCMS-FNAL-WC1-CE2,cmsosgce2.fnal.gov:2119,compute,OSG,PASS,2008-10-23 13:15:17
336,USCMS-FNAL-WC1-CE3,cmsosgce3.fnal.gov:2119,compute,OSG,PASS,2008-10-23 13:24:08
343,USCMS-FNAL-WC1-CE4,cmsosgce4.fnal.gov:2119,compute,OSG,PASS,2008-10-23 13:30:39
242,USCMS-FNAL-WC1-SE,cmsosgce.fnal.gov,storage,OSG,FAIL,2007-11-05 15:10:16
7,UTA_DPCC,atlas.dpcc.uta.edu:2119,compute,OSG,FAIL,2008-10-23 13:36:13
347,UTA_SWT2,gk04.swt2.uta.edu:2119,compute,OSG,PASS,2008-10-23 13:36:14
18,Vanderbilt,vampire.accre.vanderbilt.edu:2119,compute,OSG,PASS,2008-10-23 13:37:32
342,WISC-OSG-EDU,osg-edu.cs.wisc.edu:2119,compute,OSG,PASS,2008-10-23 13:38:54
22,WT2,osgserv01.slac.stanford.edu:2119,compute,OSG,PASS,2008-10-23 13:44:09
